<?xml version="1.0" encoding="UTF-8"?>
<!-- Generated by org.testng.reporters.JUnitReportReporter -->
<testsuite hostname="piku" failures="0" tests="1" name="com.timetracking.actiTIME_Automation.moduleName.ClassATest" time="0.003" errors="0" timestamp="2022-10-25T08:01:46 IST" skipped="0">
  <testcase classname="com.timetracking.actiTIME_Automation.moduleName.ClassATest" name="Job1Test" time="0.003"/>
  <system-out/>
</testsuite> <!-- com.timetracking.actiTIME_Automation.moduleName.ClassATest -->
