<?xml version="1.0" encoding="UTF-8"?>
<!-- Generated by org.testng.reporters.JUnitReportReporter -->
<testsuite hostname="piku" failures="0" tests="1" name="com.timetracking.actiTIME_Automation.moduleName.ClassB" time="0.041" errors="0" timestamp="2022-10-20T16:09:50 IST" skipped="0">
  <testcase classname="com.timetracking.actiTIME_Automation.moduleName.ClassB" name="demp2" time="0.041"/>
  <system-out/>
</testsuite> <!-- com.timetracking.actiTIME_Automation.moduleName.ClassB -->
