<?xml version="1.0" encoding="UTF-8"?>
<!-- Generated by org.testng.reporters.JUnitReportReporter -->
<testsuite hostname="piku" failures="0" tests="1" name="com.timetracking.actiTIME_Automation.moduleName.TestCaseName" time="7.222" errors="0" timestamp="2022-10-25T07:55:33 IST" skipped="0">
  <testcase classname="com.timetracking.actiTIME_Automation.moduleName.TestCaseName" name="testCaseName" time="7.222"/>
  <system-out/>
</testsuite> <!-- com.timetracking.actiTIME_Automation.moduleName.TestCaseName -->
